{"C:\\Users\\rita-\\OneDrive\\Рабочий стол\\RS-School_React\\src\\App.tsx": {"path":"C:\\Users\\rita-\\OneDrive\\Рабочий стол\\RS-School_React\\src\\App.tsx","all":true,"statementMap":{"0":{"start":{"line":1,"column":0},"end":{"line":1,"column":54}},"1":{"start":{"line":2,"column":0},"end":{"line":2,"column":50}},"2":{"start":{"line":3,"column":0},"end":{"line":3,"column":21}},"4":{"start":{"line":5,"column":0},"end":{"line":5,"column":19}},"5":{"start":{"line":6,"column":0},"end":{"line":6,"column":44}},"6":{"start":{"line":7,"column":0},"end":{"line":7,"column":2}},"8":{"start":{"line":9,"column":0},"end":{"line":9,"column":19}}},"s":{"0":0,"1":0,"2":0,"4":0,"5":0,"6":0,"8":0},"branchMap":{"0":{"type":"branch","line":1,"loc":{"start":{"line":1,"column":217},"end":{"line":9,"column":19}},"locations":[{"start":{"line":1,"column":217},"end":{"line":9,"column":19}}]}},"b":{"0":[0]},"fnMap":{"0":{"name":"(empty-report)","decl":{"start":{"line":1,"column":217},"end":{"line":9,"column":19}},"loc":{"start":{"line":1,"column":217},"end":{"line":9,"column":19}},"line":1}},"f":{"0":0}}
,"C:\\Users\\rita-\\OneDrive\\Рабочий стол\\RS-School_React\\src\\main.tsx": {"path":"C:\\Users\\rita-\\OneDrive\\Рабочий стол\\RS-School_React\\src\\main.tsx","all":true,"statementMap":{"0":{"start":{"line":1,"column":0},"end":{"line":1,"column":26}},"1":{"start":{"line":2,"column":0},"end":{"line":2,"column":40}},"2":{"start":{"line":3,"column":0},"end":{"line":3,"column":26}},"3":{"start":{"line":4,"column":0},"end":{"line":4,"column":67}},"4":{"start":{"line":5,"column":0},"end":{"line":5,"column":23}},"6":{"start":{"line":7,"column":0},"end":{"line":7,"column":61}},"7":{"start":{"line":8,"column":0},"end":{"line":8,"column":20}},"8":{"start":{"line":9,"column":0},"end":{"line":9,"column":19}},"9":{"start":{"line":10,"column":0},"end":{"line":10,"column":13}},"10":{"start":{"line":11,"column":0},"end":{"line":11,"column":20}},"11":{"start":{"line":12,"column":0},"end":{"line":12,"column":22}},"12":{"start":{"line":13,"column":0},"end":{"line":13,"column":2}}},"s":{"0":0,"1":0,"2":0,"3":0,"4":0,"6":0,"7":0,"8":0,"9":0,"10":0,"11":0,"12":0},"branchMap":{"0":{"type":"branch","line":1,"loc":{"start":{"line":1,"column":351},"end":{"line":13,"column":2}},"locations":[{"start":{"line":1,"column":351},"end":{"line":13,"column":2}}]}},"b":{"0":[0]},"fnMap":{"0":{"name":"(empty-report)","decl":{"start":{"line":1,"column":351},"end":{"line":13,"column":2}},"loc":{"start":{"line":1,"column":351},"end":{"line":13,"column":2}},"line":1}},"f":{"0":0}}
,"C:\\Users\\rita-\\OneDrive\\Рабочий стол\\RS-School_React\\src\\apiRequests\\GetPeople.ts": {"path":"C:\\Users\\rita-\\OneDrive\\Рабочий стол\\RS-School_React\\src\\apiRequests\\GetPeople.ts","all":false,"statementMap":{"22":{"start":{"line":23,"column":0},"end":{"line":23,"column":62}},"24":{"start":{"line":25,"column":0},"end":{"line":25,"column":20}},"25":{"start":{"line":26,"column":0},"end":{"line":26,"column":29}},"26":{"start":{"line":27,"column":0},"end":{"line":27,"column":50}},"27":{"start":{"line":28,"column":0},"end":{"line":28,"column":20}},"28":{"start":{"line":29,"column":0},"end":{"line":29,"column":7}},"29":{"start":{"line":30,"column":0},"end":{"line":30,"column":61}},"30":{"start":{"line":31,"column":0},"end":{"line":31,"column":30}},"31":{"start":{"line":32,"column":0},"end":{"line":32,"column":4}},"32":{"start":{"line":33,"column":0},"end":{"line":33,"column":60}},"33":{"start":{"line":34,"column":0},"end":{"line":34,"column":85}},"34":{"start":{"line":35,"column":0},"end":{"line":35,"column":20}},"35":{"start":{"line":36,"column":0},"end":{"line":36,"column":7}},"36":{"start":{"line":37,"column":0},"end":{"line":37,"column":54}},"37":{"start":{"line":38,"column":0},"end":{"line":38,"column":23}},"38":{"start":{"line":39,"column":0},"end":{"line":39,"column":4}},"39":{"start":{"line":40,"column":0},"end":{"line":40,"column":44}},"40":{"start":{"line":41,"column":0},"end":{"line":41,"column":76}},"41":{"start":{"line":42,"column":0},"end":{"line":42,"column":20}},"42":{"start":{"line":43,"column":0},"end":{"line":43,"column":7}},"43":{"start":{"line":44,"column":0},"end":{"line":44,"column":61}},"44":{"start":{"line":45,"column":0},"end":{"line":45,"column":30}},"45":{"start":{"line":46,"column":0},"end":{"line":46,"column":4}},"46":{"start":{"line":47,"column":0},"end":{"line":47,"column":2}}},"s":{"22":1,"24":1,"25":1,"26":0,"27":0,"28":0,"29":0,"30":0,"31":0,"32":1,"33":0,"34":0,"35":0,"36":0,"37":0,"38":0,"39":1,"40":1,"41":1,"42":1,"43":0,"44":0,"45":1,"46":1},"branchMap":{"0":{"type":"branch","line":40,"loc":{"start":{"line":40,"column":13},"end":{"line":46,"column":4}},"locations":[{"start":{"line":40,"column":13},"end":{"line":46,"column":4}}]},"1":{"type":"branch","line":43,"loc":{"start":{"line":43,"column":5},"end":{"line":45,"column":30}},"locations":[{"start":{"line":43,"column":5},"end":{"line":45,"column":30}}]}},"b":{"0":[1],"1":[0]},"fnMap":{"0":{"name":"getAllPeople","decl":{"start":{"line":26,"column":16},"end":{"line":32,"column":4}},"loc":{"start":{"line":26,"column":16},"end":{"line":32,"column":4}},"line":26},"1":{"name":"getPeopleOnPage","decl":{"start":{"line":33,"column":19},"end":{"line":39,"column":4}},"loc":{"start":{"line":33,"column":19},"end":{"line":39,"column":4}},"line":33},"2":{"name":"getPerson","decl":{"start":{"line":40,"column":13},"end":{"line":46,"column":4}},"loc":{"start":{"line":40,"column":13},"end":{"line":46,"column":4}},"line":40}},"f":{"0":0,"1":0,"2":1}}
,"C:\\Users\\rita-\\OneDrive\\Рабочий стол\\RS-School_React\\src\\components\\button\\Button.tsx": {"path":"C:\\Users\\rita-\\OneDrive\\Рабочий стол\\RS-School_React\\src\\components\\button\\Button.tsx","all":false,"statementMap":{"0":{"start":{"line":1,"column":0},"end":{"line":1,"column":52}},"6":{"start":{"line":7,"column":0},"end":{"line":7,"column":81}},"7":{"start":{"line":8,"column":0},"end":{"line":8,"column":10}},"8":{"start":{"line":9,"column":0},"end":{"line":9,"column":80}},"9":{"start":{"line":10,"column":0},"end":{"line":10,"column":13}},"10":{"start":{"line":11,"column":0},"end":{"line":11,"column":13}},"12":{"start":{"line":13,"column":0},"end":{"line":13,"column":2}}},"s":{"0":1,"6":1,"7":8,"8":8,"9":8,"10":8,"12":8},"branchMap":{"0":{"type":"branch","line":7,"loc":{"start":{"line":7,"column":45},"end":{"line":13,"column":2}},"locations":[{"start":{"line":7,"column":45},"end":{"line":13,"column":2}}]}},"b":{"0":[8]},"fnMap":{"0":{"name":"Button","decl":{"start":{"line":7,"column":45},"end":{"line":13,"column":2}},"loc":{"start":{"line":7,"column":45},"end":{"line":13,"column":2}},"line":7}},"f":{"0":8}}
,"C:\\Users\\rita-\\OneDrive\\Рабочий стол\\RS-School_React\\src\\components\\cart\\Cart.tsx": {"path":"C:\\Users\\rita-\\OneDrive\\Рабочий стол\\RS-School_React\\src\\components\\cart\\Cart.tsx","all":false,"statementMap":{"0":{"start":{"line":1,"column":0},"end":{"line":1,"column":42}},"2":{"start":{"line":3,"column":0},"end":{"line":3,"column":52}},"3":{"start":{"line":4,"column":0},"end":{"line":4,"column":54}},"4":{"start":{"line":5,"column":0},"end":{"line":5,"column":60}},"5":{"start":{"line":6,"column":0},"end":{"line":6,"column":60}},"6":{"start":{"line":7,"column":0},"end":{"line":7,"column":74}},"8":{"start":{"line":9,"column":0},"end":{"line":9,"column":40}},"9":{"start":{"line":10,"column":0},"end":{"line":10,"column":7}},"10":{"start":{"line":11,"column":0},"end":{"line":11,"column":13}},"11":{"start":{"line":12,"column":0},"end":{"line":12,"column":10}},"12":{"start":{"line":13,"column":0},"end":{"line":13,"column":9}},"13":{"start":{"line":14,"column":0},"end":{"line":14,"column":12}},"14":{"start":{"line":15,"column":0},"end":{"line":15,"column":9}},"15":{"start":{"line":16,"column":0},"end":{"line":16,"column":13}},"16":{"start":{"line":17,"column":0},"end":{"line":17,"column":9}},"17":{"start":{"line":18,"column":0},"end":{"line":18,"column":12}},"18":{"start":{"line":19,"column":0},"end":{"line":19,"column":7}},"19":{"start":{"line":20,"column":0},"end":{"line":20,"column":13}},"20":{"start":{"line":21,"column":0},"end":{"line":21,"column":6}},"21":{"start":{"line":22,"column":0},"end":{"line":22,"column":7}},"22":{"start":{"line":23,"column":0},"end":{"line":23,"column":52}},"23":{"start":{"line":24,"column":0},"end":{"line":24,"column":33}},"24":{"start":{"line":25,"column":0},"end":{"line":25,"column":35}},"26":{"start":{"line":27,"column":0},"end":{"line":27,"column":34}},"27":{"start":{"line":28,"column":0},"end":{"line":28,"column":69}},"28":{"start":{"line":29,"column":0},"end":{"line":29,"column":23}},"29":{"start":{"line":30,"column":0},"end":{"line":30,"column":70}},"30":{"start":{"line":31,"column":0},"end":{"line":31,"column":4}},"32":{"start":{"line":33,"column":0},"end":{"line":33,"column":10}},"33":{"start":{"line":34,"column":0},"end":{"line":34,"column":6}},"34":{"start":{"line":35,"column":0},"end":{"line":35,"column":45}},"35":{"start":{"line":36,"column":0},"end":{"line":36,"column":52}},"36":{"start":{"line":37,"column":0},"end":{"line":37,"column":37}},"37":{"start":{"line":38,"column":0},"end":{"line":38,"column":33}},"38":{"start":{"line":39,"column":0},"end":{"line":39,"column":31}},"39":{"start":{"line":40,"column":0},"end":{"line":40,"column":37}},"40":{"start":{"line":41,"column":0},"end":{"line":41,"column":31}},"41":{"start":{"line":42,"column":0},"end":{"line":42,"column":39}},"42":{"start":{"line":43,"column":0},"end":{"line":43,"column":31}},"43":{"start":{"line":44,"column":0},"end":{"line":44,"column":38}},"44":{"start":{"line":45,"column":0},"end":{"line":45,"column":29}},"45":{"start":{"line":46,"column":0},"end":{"line":46,"column":39}},"46":{"start":{"line":47,"column":0},"end":{"line":47,"column":12}},"47":{"start":{"line":48,"column":0},"end":{"line":48,"column":10}},"48":{"start":{"line":49,"column":0},"end":{"line":49,"column":38}},"49":{"start":{"line":50,"column":0},"end":{"line":50,"column":34}},"50":{"start":{"line":51,"column":0},"end":{"line":51,"column":34}},"51":{"start":{"line":52,"column":0},"end":{"line":52,"column":64}},"52":{"start":{"line":53,"column":0},"end":{"line":53,"column":51}},"53":{"start":{"line":54,"column":0},"end":{"line":54,"column":31}},"54":{"start":{"line":55,"column":0},"end":{"line":55,"column":11}},"55":{"start":{"line":56,"column":0},"end":{"line":56,"column":10}},"56":{"start":{"line":57,"column":0},"end":{"line":57,"column":21}},"57":{"start":{"line":58,"column":0},"end":{"line":58,"column":20}},"59":{"start":{"line":60,"column":0},"end":{"line":60,"column":80}},"60":{"start":{"line":61,"column":0},"end":{"line":61,"column":12}},"61":{"start":{"line":62,"column":0},"end":{"line":62,"column":7}},"63":{"start":{"line":64,"column":0},"end":{"line":64,"column":2}}},"s":{"0":1,"2":1,"3":1,"4":1,"5":1,"6":1,"8":1,"9":2,"10":2,"11":2,"12":2,"13":2,"14":2,"15":2,"16":2,"17":2,"18":2,"19":2,"20":2,"21":2,"22":2,"23":2,"24":2,"26":2,"27":1,"28":1,"29":1,"30":1,"32":2,"33":2,"34":2,"35":2,"36":2,"37":2,"38":2,"39":2,"40":2,"41":2,"42":2,"43":2,"44":2,"45":2,"46":2,"47":2,"48":2,"49":2,"50":2,"51":2,"52":0,"53":0,"54":0,"55":0,"56":2,"57":2,"59":2,"60":2,"61":2,"63":2},"branchMap":{"0":{"type":"branch","line":9,"loc":{"start":{"line":9,"column":38},"end":{"line":64,"column":2}},"locations":[{"start":{"line":9,"column":38},"end":{"line":64,"column":2}}]},"1":{"type":"branch","line":27,"loc":{"start":{"line":27,"column":27},"end":{"line":31,"column":4}},"locations":[{"start":{"line":27,"column":27},"end":{"line":31,"column":4}}]}},"b":{"0":[2],"1":[1]},"fnMap":{"0":{"name":"Cart","decl":{"start":{"line":9,"column":38},"end":{"line":64,"column":2}},"loc":{"start":{"line":9,"column":38},"end":{"line":64,"column":2}},"line":9},"1":{"name":"handleCloseClick","decl":{"start":{"line":27,"column":27},"end":{"line":31,"column":4}},"loc":{"start":{"line":27,"column":27},"end":{"line":31,"column":4}},"line":27},"2":{"name":"onKeyDown","decl":{"start":{"line":52,"column":19},"end":{"line":56,"column":10}},"loc":{"start":{"line":52,"column":19},"end":{"line":56,"column":10}},"line":52}},"f":{"0":2,"1":1,"2":0}}
,"C:\\Users\\rita-\\OneDrive\\Рабочий стол\\RS-School_React\\src\\components\\error\\ErrorBoundary.tsx": {"path":"C:\\Users\\rita-\\OneDrive\\Рабочий стол\\RS-School_React\\src\\components\\error\\ErrorBoundary.tsx","all":true,"statementMap":{"0":{"start":{"line":1,"column":0},"end":{"line":1,"column":34}},"1":{"start":{"line":2,"column":0},"end":{"line":2,"column":67}},"2":{"start":{"line":3,"column":0},"end":{"line":3,"column":48}},"3":{"start":{"line":4,"column":0},"end":{"line":4,"column":54}},"14":{"start":{"line":15,"column":0},"end":{"line":15,"column":86}},"15":{"start":{"line":16,"column":0},"end":{"line":16,"column":42}},"16":{"start":{"line":17,"column":0},"end":{"line":17,"column":17}},"17":{"start":{"line":18,"column":0},"end":{"line":18,"column":57}},"18":{"start":{"line":19,"column":0},"end":{"line":19,"column":3}},"20":{"start":{"line":21,"column":0},"end":{"line":21,"column":35}},"21":{"start":{"line":22,"column":0},"end":{"line":22,"column":39}},"22":{"start":{"line":23,"column":0},"end":{"line":23,"column":23}},"23":{"start":{"line":24,"column":0},"end":{"line":24,"column":27}},"24":{"start":{"line":25,"column":0},"end":{"line":25,"column":59}},"25":{"start":{"line":26,"column":0},"end":{"line":26,"column":5}},"26":{"start":{"line":27,"column":0},"end":{"line":27,"column":3}},"28":{"start":{"line":29,"column":0},"end":{"line":29,"column":12}},"29":{"start":{"line":30,"column":0},"end":{"line":30,"column":36}},"30":{"start":{"line":31,"column":0},"end":{"line":31,"column":36}},"31":{"start":{"line":32,"column":0},"end":{"line":32,"column":19}},"32":{"start":{"line":33,"column":0},"end":{"line":33,"column":14}},"33":{"start":{"line":34,"column":0},"end":{"line":34,"column":37}},"34":{"start":{"line":35,"column":0},"end":{"line":35,"column":80}},"35":{"start":{"line":36,"column":0},"end":{"line":36,"column":70}},"36":{"start":{"line":37,"column":0},"end":{"line":37,"column":17}},"37":{"start":{"line":38,"column":0},"end":{"line":38,"column":43}},"38":{"start":{"line":39,"column":0},"end":{"line":39,"column":28}},"39":{"start":{"line":40,"column":0},"end":{"line":40,"column":39}},"40":{"start":{"line":41,"column":0},"end":{"line":41,"column":14}},"41":{"start":{"line":42,"column":0},"end":{"line":42,"column":26}},"42":{"start":{"line":43,"column":0},"end":{"line":43,"column":12}},"43":{"start":{"line":44,"column":0},"end":{"line":44,"column":14}},"45":{"start":{"line":46,"column":0},"end":{"line":46,"column":5}},"46":{"start":{"line":47,"column":0},"end":{"line":47,"column":20}},"47":{"start":{"line":48,"column":0},"end":{"line":48,"column":3}},"48":{"start":{"line":49,"column":0},"end":{"line":49,"column":1}}},"s":{"0":0,"1":0,"2":0,"3":0,"14":0,"15":0,"16":0,"17":0,"18":0,"20":0,"21":0,"22":0,"23":0,"24":0,"25":0,"26":0,"28":0,"29":0,"30":0,"31":0,"32":0,"33":0,"34":0,"35":0,"36":0,"37":0,"38":0,"39":0,"40":0,"41":0,"42":0,"43":0,"45":0,"46":0,"47":0,"48":0},"branchMap":{"0":{"type":"branch","line":1,"loc":{"start":{"line":1,"column":0},"end":{"line":49,"column":-357}},"locations":[{"start":{"line":1,"column":0},"end":{"line":49,"column":-357}}]}},"b":{"0":[0]},"fnMap":{"0":{"name":"(empty-report)","decl":{"start":{"line":1,"column":0},"end":{"line":49,"column":-357}},"loc":{"start":{"line":1,"column":0},"end":{"line":49,"column":-357}},"line":1}},"f":{"0":0}}
,"C:\\Users\\rita-\\OneDrive\\Рабочий стол\\RS-School_React\\src\\components\\input\\Input.tsx": {"path":"C:\\Users\\rita-\\OneDrive\\Рабочий стол\\RS-School_React\\src\\components\\input\\Input.tsx","all":false,"statementMap":{"0":{"start":{"line":1,"column":0},"end":{"line":1,"column":51}},"6":{"start":{"line":7,"column":0},"end":{"line":7,"column":86}},"7":{"start":{"line":8,"column":0},"end":{"line":8,"column":87}},"8":{"start":{"line":9,"column":0},"end":{"line":9,"column":2}}},"s":{"0":1,"6":1,"7":4,"8":4},"branchMap":{"0":{"type":"branch","line":7,"loc":{"start":{"line":7,"column":43},"end":{"line":9,"column":2}},"locations":[{"start":{"line":7,"column":43},"end":{"line":9,"column":2}}]}},"b":{"0":[4]},"fnMap":{"0":{"name":"Input","decl":{"start":{"line":7,"column":43},"end":{"line":9,"column":2}},"loc":{"start":{"line":7,"column":43},"end":{"line":9,"column":2}},"line":7}},"f":{"0":4}}
,"C:\\Users\\rita-\\OneDrive\\Рабочий стол\\RS-School_React\\src\\components\\pagination\\Pagination.tsx": {"path":"C:\\Users\\rita-\\OneDrive\\Рабочий стол\\RS-School_React\\src\\components\\pagination\\Pagination.tsx","all":true,"statementMap":{"0":{"start":{"line":1,"column":0},"end":{"line":1,"column":76}},"1":{"start":{"line":2,"column":0},"end":{"line":2,"column":48}},"2":{"start":{"line":3,"column":0},"end":{"line":3,"column":40}},"3":{"start":{"line":4,"column":0},"end":{"line":4,"column":52}},"4":{"start":{"line":5,"column":0},"end":{"line":5,"column":52}},"5":{"start":{"line":6,"column":0},"end":{"line":6,"column":69}},"6":{"start":{"line":7,"column":0},"end":{"line":7,"column":54}},"12":{"start":{"line":13,"column":0},"end":{"line":13,"column":71}},"13":{"start":{"line":14,"column":0},"end":{"line":14,"column":63}},"14":{"start":{"line":15,"column":0},"end":{"line":15,"column":52}},"16":{"start":{"line":17,"column":0},"end":{"line":17,"column":43}},"18":{"start":{"line":19,"column":0},"end":{"line":19,"column":70}},"19":{"start":{"line":20,"column":0},"end":{"line":20,"column":51}},"20":{"start":{"line":21,"column":0},"end":{"line":21,"column":44}},"21":{"start":{"line":22,"column":0},"end":{"line":22,"column":26}},"22":{"start":{"line":23,"column":0},"end":{"line":23,"column":9}},"24":{"start":{"line":25,"column":0},"end":{"line":25,"column":19}},"25":{"start":{"line":26,"column":0},"end":{"line":26,"column":35}},"26":{"start":{"line":27,"column":0},"end":{"line":27,"column":24}},"27":{"start":{"line":28,"column":0},"end":{"line":28,"column":50}},"28":{"start":{"line":29,"column":0},"end":{"line":29,"column":50}},"29":{"start":{"line":30,"column":0},"end":{"line":30,"column":30}},"30":{"start":{"line":31,"column":0},"end":{"line":31,"column":14}},"31":{"start":{"line":32,"column":0},"end":{"line":32,"column":37}},"32":{"start":{"line":33,"column":0},"end":{"line":33,"column":7}},"33":{"start":{"line":34,"column":0},"end":{"line":34,"column":6}},"35":{"start":{"line":36,"column":0},"end":{"line":36,"column":16}},"36":{"start":{"line":37,"column":0},"end":{"line":37,"column":37}},"38":{"start":{"line":39,"column":0},"end":{"line":39,"column":10}},"39":{"start":{"line":40,"column":0},"end":{"line":40,"column":38}},"40":{"start":{"line":41,"column":0},"end":{"line":41,"column":34}},"41":{"start":{"line":42,"column":0},"end":{"line":42,"column":100}},"42":{"start":{"line":43,"column":0},"end":{"line":43,"column":15}},"43":{"start":{"line":44,"column":0},"end":{"line":44,"column":53}},"44":{"start":{"line":45,"column":0},"end":{"line":45,"column":34}},"45":{"start":{"line":46,"column":0},"end":{"line":46,"column":53}},"47":{"start":{"line":48,"column":0},"end":{"line":48,"column":18}},"48":{"start":{"line":49,"column":0},"end":{"line":49,"column":17}},"49":{"start":{"line":50,"column":0},"end":{"line":50,"column":13}},"50":{"start":{"line":51,"column":0},"end":{"line":51,"column":9}},"51":{"start":{"line":52,"column":0},"end":{"line":52,"column":10}},"53":{"start":{"line":54,"column":0},"end":{"line":54,"column":2}}},"s":{"0":0,"1":0,"2":0,"3":0,"4":0,"5":0,"6":0,"12":0,"13":0,"14":0,"16":0,"18":0,"19":0,"20":0,"21":0,"22":0,"24":0,"25":0,"26":0,"27":0,"28":0,"29":0,"30":0,"31":0,"32":0,"33":0,"35":0,"36":0,"38":0,"39":0,"40":0,"41":0,"42":0,"43":0,"44":0,"45":0,"47":0,"48":0,"49":0,"50":0,"51":0,"53":0},"branchMap":{"0":{"type":"branch","line":1,"loc":{"start":{"line":1,"column":0},"end":{"line":54,"column":-644}},"locations":[{"start":{"line":1,"column":0},"end":{"line":54,"column":-644}}]}},"b":{"0":[0]},"fnMap":{"0":{"name":"(empty-report)","decl":{"start":{"line":1,"column":0},"end":{"line":54,"column":-644}},"loc":{"start":{"line":1,"column":0},"end":{"line":54,"column":-644}},"line":1}},"f":{"0":0}}
,"C:\\Users\\rita-\\OneDrive\\Рабочий стол\\RS-School_React\\src\\components\\peoplePart\\PeoplePart.tsx": {"path":"C:\\Users\\rita-\\OneDrive\\Рабочий стол\\RS-School_React\\src\\components\\peoplePart\\PeoplePart.tsx","all":true,"statementMap":{"0":{"start":{"line":1,"column":0},"end":{"line":1,"column":76}},"1":{"start":{"line":2,"column":0},"end":{"line":2,"column":56}},"2":{"start":{"line":3,"column":0},"end":{"line":3,"column":48}},"3":{"start":{"line":4,"column":0},"end":{"line":4,"column":69}},"4":{"start":{"line":5,"column":0},"end":{"line":5,"column":54}},"5":{"start":{"line":6,"column":0},"end":{"line":6,"column":52}},"6":{"start":{"line":7,"column":0},"end":{"line":7,"column":53}},"7":{"start":{"line":8,"column":0},"end":{"line":8,"column":50}},"8":{"start":{"line":9,"column":0},"end":{"line":9,"column":60}},"10":{"start":{"line":11,"column":0},"end":{"line":11,"column":45}},"11":{"start":{"line":12,"column":0},"end":{"line":12,"column":63}},"12":{"start":{"line":13,"column":0},"end":{"line":13,"column":87}},"13":{"start":{"line":14,"column":0},"end":{"line":14,"column":33}},"15":{"start":{"line":16,"column":0},"end":{"line":16,"column":43}},"17":{"start":{"line":18,"column":0},"end":{"line":18,"column":35}},"18":{"start":{"line":19,"column":0},"end":{"line":19,"column":35}},"19":{"start":{"line":20,"column":0},"end":{"line":20,"column":38}},"20":{"start":{"line":21,"column":0},"end":{"line":21,"column":51}},"21":{"start":{"line":22,"column":0},"end":{"line":22,"column":71}},"22":{"start":{"line":23,"column":0},"end":{"line":23,"column":35}},"23":{"start":{"line":24,"column":0},"end":{"line":24,"column":6}},"24":{"start":{"line":25,"column":0},"end":{"line":25,"column":13}},"25":{"start":{"line":26,"column":0},"end":{"line":26,"column":4}},"27":{"start":{"line":28,"column":0},"end":{"line":28,"column":54}},"28":{"start":{"line":29,"column":0},"end":{"line":29,"column":76}},"29":{"start":{"line":30,"column":0},"end":{"line":30,"column":41}},"30":{"start":{"line":31,"column":0},"end":{"line":31,"column":32}},"32":{"start":{"line":33,"column":0},"end":{"line":33,"column":19}},"33":{"start":{"line":34,"column":0},"end":{"line":34,"column":21}},"34":{"start":{"line":35,"column":0},"end":{"line":35,"column":31}},"35":{"start":{"line":36,"column":0},"end":{"line":36,"column":12}},"36":{"start":{"line":37,"column":0},"end":{"line":37,"column":27}},"37":{"start":{"line":38,"column":0},"end":{"line":38,"column":5}},"38":{"start":{"line":39,"column":0},"end":{"line":39,"column":53}},"40":{"start":{"line":41,"column":0},"end":{"line":41,"column":67}},"42":{"start":{"line":43,"column":0},"end":{"line":43,"column":10}},"43":{"start":{"line":44,"column":0},"end":{"line":44,"column":6}},"44":{"start":{"line":45,"column":0},"end":{"line":45,"column":100}},"45":{"start":{"line":46,"column":0},"end":{"line":46,"column":13}},"46":{"start":{"line":47,"column":0},"end":{"line":47,"column":72}},"47":{"start":{"line":48,"column":0},"end":{"line":48,"column":71}},"48":{"start":{"line":49,"column":0},"end":{"line":49,"column":19}},"49":{"start":{"line":50,"column":0},"end":{"line":50,"column":35}},"51":{"start":{"line":52,"column":0},"end":{"line":52,"column":63}},"52":{"start":{"line":53,"column":0},"end":{"line":53,"column":43}},"53":{"start":{"line":54,"column":0},"end":{"line":54,"column":63}},"54":{"start":{"line":55,"column":0},"end":{"line":55,"column":84}},"55":{"start":{"line":56,"column":0},"end":{"line":56,"column":55}},"56":{"start":{"line":57,"column":0},"end":{"line":57,"column":29}},"57":{"start":{"line":58,"column":0},"end":{"line":58,"column":14}},"58":{"start":{"line":59,"column":0},"end":{"line":59,"column":15}},"59":{"start":{"line":60,"column":0},"end":{"line":60,"column":9}},"60":{"start":{"line":61,"column":0},"end":{"line":61,"column":7}},"62":{"start":{"line":63,"column":0},"end":{"line":63,"column":2}}},"s":{"0":0,"1":0,"2":0,"3":0,"4":0,"5":0,"6":0,"7":0,"8":0,"10":0,"11":0,"12":0,"13":0,"15":0,"17":0,"18":0,"19":0,"20":0,"21":0,"22":0,"23":0,"24":0,"25":0,"27":0,"28":0,"29":0,"30":0,"32":0,"33":0,"34":0,"35":0,"36":0,"37":0,"38":0,"40":0,"42":0,"43":0,"44":0,"45":0,"46":0,"47":0,"48":0,"49":0,"51":0,"52":0,"53":0,"54":0,"55":0,"56":0,"57":0,"58":0,"59":0,"60":0,"62":0},"branchMap":{"0":{"type":"branch","line":1,"loc":{"start":{"line":1,"column":0},"end":{"line":63,"column":-925}},"locations":[{"start":{"line":1,"column":0},"end":{"line":63,"column":-925}}]}},"b":{"0":[0]},"fnMap":{"0":{"name":"(empty-report)","decl":{"start":{"line":1,"column":0},"end":{"line":63,"column":-925}},"loc":{"start":{"line":1,"column":0},"end":{"line":63,"column":-925}},"line":1}},"f":{"0":0}}
,"C:\\Users\\rita-\\OneDrive\\Рабочий стол\\RS-School_React\\src\\components\\resultPart\\ResultPart.tsx": {"path":"C:\\Users\\rita-\\OneDrive\\Рабочий стол\\RS-School_React\\src\\components\\resultPart\\ResultPart.tsx","all":true,"statementMap":{"0":{"start":{"line":1,"column":0},"end":{"line":1,"column":69}},"1":{"start":{"line":2,"column":0},"end":{"line":2,"column":68}},"2":{"start":{"line":3,"column":0},"end":{"line":3,"column":35}},"3":{"start":{"line":4,"column":0},"end":{"line":4,"column":54}},"5":{"start":{"line":6,"column":0},"end":{"line":6,"column":43}},"6":{"start":{"line":7,"column":0},"end":{"line":7,"column":49}},"7":{"start":{"line":8,"column":0},"end":{"line":8,"column":10}},"8":{"start":{"line":9,"column":0},"end":{"line":9,"column":75}},"9":{"start":{"line":10,"column":0},"end":{"line":10,"column":22}},"10":{"start":{"line":11,"column":0},"end":{"line":11,"column":14}},"12":{"start":{"line":13,"column":0},"end":{"line":13,"column":2}}},"s":{"0":0,"1":0,"2":0,"3":0,"5":0,"6":0,"7":0,"8":0,"9":0,"10":0,"12":0},"branchMap":{"0":{"type":"branch","line":1,"loc":{"start":{"line":1,"column":457},"end":{"line":13,"column":2}},"locations":[{"start":{"line":1,"column":457},"end":{"line":13,"column":2}}]}},"b":{"0":[0]},"fnMap":{"0":{"name":"(empty-report)","decl":{"start":{"line":1,"column":457},"end":{"line":13,"column":2}},"loc":{"start":{"line":1,"column":457},"end":{"line":13,"column":2}},"line":1}},"f":{"0":0}}
,"C:\\Users\\rita-\\OneDrive\\Рабочий стол\\RS-School_React\\src\\components\\router\\Router.tsx": {"path":"C:\\Users\\rita-\\OneDrive\\Рабочий стол\\RS-School_React\\src\\components\\router\\Router.tsx","all":true,"statementMap":{"0":{"start":{"line":1,"column":0},"end":{"line":1,"column":55}},"1":{"start":{"line":2,"column":0},"end":{"line":2,"column":51}},"2":{"start":{"line":3,"column":0},"end":{"line":3,"column":76}},"4":{"start":{"line":5,"column":0},"end":{"line":5,"column":43}},"5":{"start":{"line":6,"column":0},"end":{"line":6,"column":3}},"6":{"start":{"line":7,"column":0},"end":{"line":7,"column":29}},"7":{"start":{"line":8,"column":0},"end":{"line":8,"column":26}},"8":{"start":{"line":9,"column":0},"end":{"line":9,"column":15}},"9":{"start":{"line":10,"column":0},"end":{"line":10,"column":7}},"10":{"start":{"line":11,"column":0},"end":{"line":11,"column":30}},"11":{"start":{"line":12,"column":0},"end":{"line":12,"column":37}},"12":{"start":{"line":13,"column":0},"end":{"line":13,"column":8}},"13":{"start":{"line":14,"column":0},"end":{"line":14,"column":6}},"14":{"start":{"line":15,"column":0},"end":{"line":15,"column":4}},"15":{"start":{"line":16,"column":0},"end":{"line":16,"column":3}}},"s":{"0":0,"1":0,"2":0,"4":0,"5":0,"6":0,"7":0,"8":0,"9":0,"10":0,"11":0,"12":0,"13":0,"14":0,"15":0},"branchMap":{"0":{"type":"branch","line":1,"loc":{"start":{"line":1,"column":408},"end":{"line":16,"column":3}},"locations":[{"start":{"line":1,"column":408},"end":{"line":16,"column":3}}]}},"b":{"0":[0]},"fnMap":{"0":{"name":"(empty-report)","decl":{"start":{"line":1,"column":408},"end":{"line":16,"column":3}},"loc":{"start":{"line":1,"column":408},"end":{"line":16,"column":3}},"line":1}},"f":{"0":0}}
,"C:\\Users\\rita-\\OneDrive\\Рабочий стол\\RS-School_React\\src\\components\\searchPart\\SearchPart.tsx": {"path":"C:\\Users\\rita-\\OneDrive\\Рабочий стол\\RS-School_React\\src\\components\\searchPart\\SearchPart.tsx","all":false,"statementMap":{"0":{"start":{"line":1,"column":0},"end":{"line":1,"column":56}},"1":{"start":{"line":2,"column":0},"end":{"line":2,"column":54}},"2":{"start":{"line":3,"column":0},"end":{"line":3,"column":51}},"3":{"start":{"line":4,"column":0},"end":{"line":4,"column":54}},"4":{"start":{"line":5,"column":0},"end":{"line":5,"column":52}},"5":{"start":{"line":6,"column":0},"end":{"line":6,"column":69}},"6":{"start":{"line":7,"column":0},"end":{"line":7,"column":49}},"7":{"start":{"line":8,"column":0},"end":{"line":8,"column":47}},"13":{"start":{"line":14,"column":0},"end":{"line":14,"column":77}},"14":{"start":{"line":15,"column":0},"end":{"line":15,"column":52}},"15":{"start":{"line":16,"column":0},"end":{"line":16,"column":50}},"16":{"start":{"line":17,"column":0},"end":{"line":17,"column":55}},"17":{"start":{"line":18,"column":0},"end":{"line":18,"column":49}},"18":{"start":{"line":19,"column":0},"end":{"line":19,"column":35}},"20":{"start":{"line":21,"column":0},"end":{"line":21,"column":72}},"21":{"start":{"line":22,"column":0},"end":{"line":22,"column":34}},"22":{"start":{"line":23,"column":0},"end":{"line":23,"column":4}},"24":{"start":{"line":25,"column":0},"end":{"line":25,"column":32}},"25":{"start":{"line":26,"column":0},"end":{"line":26,"column":35}},"26":{"start":{"line":27,"column":0},"end":{"line":27,"column":72}},"27":{"start":{"line":28,"column":0},"end":{"line":28,"column":12}},"28":{"start":{"line":29,"column":0},"end":{"line":29,"column":32}},"29":{"start":{"line":30,"column":0},"end":{"line":30,"column":49}},"30":{"start":{"line":31,"column":0},"end":{"line":31,"column":5}},"31":{"start":{"line":32,"column":0},"end":{"line":32,"column":4}},"33":{"start":{"line":34,"column":0},"end":{"line":34,"column":46}},"35":{"start":{"line":36,"column":0},"end":{"line":36,"column":19}},"36":{"start":{"line":37,"column":0},"end":{"line":37,"column":45}},"37":{"start":{"line":38,"column":0},"end":{"line":38,"column":21}},"38":{"start":{"line":39,"column":0},"end":{"line":39,"column":32}},"39":{"start":{"line":40,"column":0},"end":{"line":40,"column":32}},"40":{"start":{"line":41,"column":0},"end":{"line":41,"column":5}},"41":{"start":{"line":42,"column":0},"end":{"line":42,"column":37}},"43":{"start":{"line":44,"column":0},"end":{"line":44,"column":43}},"45":{"start":{"line":46,"column":0},"end":{"line":46,"column":10}},"46":{"start":{"line":47,"column":0},"end":{"line":47,"column":79}},"47":{"start":{"line":48,"column":0},"end":{"line":48,"column":12}},"48":{"start":{"line":49,"column":0},"end":{"line":49,"column":29}},"49":{"start":{"line":50,"column":0},"end":{"line":50,"column":26}},"50":{"start":{"line":51,"column":0},"end":{"line":51,"column":26}},"51":{"start":{"line":52,"column":0},"end":{"line":52,"column":35}},"52":{"start":{"line":53,"column":0},"end":{"line":53,"column":8}},"53":{"start":{"line":54,"column":0},"end":{"line":54,"column":88}},"54":{"start":{"line":55,"column":0},"end":{"line":55,"column":83}},"55":{"start":{"line":56,"column":0},"end":{"line":56,"column":79}},"56":{"start":{"line":57,"column":0},"end":{"line":57,"column":14}},"58":{"start":{"line":59,"column":0},"end":{"line":59,"column":2}}},"s":{"0":1,"1":1,"2":1,"3":1,"4":1,"5":1,"6":1,"7":1,"13":1,"14":4,"15":4,"16":4,"17":4,"18":4,"20":4,"21":1,"22":1,"24":4,"25":1,"26":0,"27":1,"28":1,"29":1,"30":1,"31":1,"33":4,"35":4,"36":2,"37":2,"38":1,"39":1,"40":1,"41":4,"43":4,"45":4,"46":4,"47":4,"48":4,"49":4,"50":4,"51":4,"52":4,"53":4,"54":4,"55":4,"56":4,"58":4},"branchMap":{"0":{"type":"branch","line":14,"loc":{"start":{"line":14,"column":53},"end":{"line":59,"column":2}},"locations":[{"start":{"line":14,"column":53},"end":{"line":59,"column":2}}]},"1":{"type":"branch","line":44,"loc":{"start":{"line":44,"column":16},"end":{"line":44,"column":43}},"locations":[{"start":{"line":44,"column":16},"end":{"line":44,"column":43}}]},"2":{"type":"branch","line":47,"loc":{"start":{"line":47,"column":47},"end":{"line":47,"column":73}},"locations":[{"start":{"line":47,"column":47},"end":{"line":47,"column":73}}]},"3":{"type":"branch","line":56,"loc":{"start":{"line":56,"column":7},"end":{"line":56,"column":79}},"locations":[{"start":{"line":56,"column":7},"end":{"line":56,"column":79}}]},"4":{"type":"branch","line":21,"loc":{"start":{"line":21,"column":27},"end":{"line":23,"column":4}},"locations":[{"start":{"line":21,"column":27},"end":{"line":23,"column":4}}]},"5":{"type":"branch","line":25,"loc":{"start":{"line":25,"column":25},"end":{"line":32,"column":4}},"locations":[{"start":{"line":25,"column":25},"end":{"line":32,"column":4}}]},"6":{"type":"branch","line":26,"loc":{"start":{"line":26,"column":34},"end":{"line":28,"column":11}},"locations":[{"start":{"line":26,"column":34},"end":{"line":28,"column":11}}]},"7":{"type":"branch","line":36,"loc":{"start":{"line":36,"column":12},"end":{"line":42,"column":5}},"locations":[{"start":{"line":36,"column":12},"end":{"line":42,"column":5}}]},"8":{"type":"branch","line":38,"loc":{"start":{"line":38,"column":20},"end":{"line":41,"column":5}},"locations":[{"start":{"line":38,"column":20},"end":{"line":41,"column":5}}]}},"b":{"0":[4],"1":[0],"2":[0],"3":[0],"4":[1],"5":[1],"6":[0],"7":[2],"8":[1]},"fnMap":{"0":{"name":"SearchPart","decl":{"start":{"line":14,"column":53},"end":{"line":59,"column":2}},"loc":{"start":{"line":14,"column":53},"end":{"line":59,"column":2}},"line":14},"1":{"name":"handleNameChange","decl":{"start":{"line":21,"column":27},"end":{"line":23,"column":4}},"loc":{"start":{"line":21,"column":27},"end":{"line":23,"column":4}},"line":21},"2":{"name":"handleNameSave","decl":{"start":{"line":25,"column":25},"end":{"line":32,"column":4}},"loc":{"start":{"line":25,"column":25},"end":{"line":32,"column":4}},"line":25},"3":{"name":"handleError","decl":{"start":{"line":34,"column":22},"end":{"line":34,"column":46}},"loc":{"start":{"line":34,"column":22},"end":{"line":34,"column":46}},"line":34}},"f":{"0":4,"1":1,"2":1,"3":0}}
,"C:\\Users\\rita-\\OneDrive\\Рабочий стол\\RS-School_React\\src\\components\\text\\Text.tsx": {"path":"C:\\Users\\rita-\\OneDrive\\Рабочий стол\\RS-School_React\\src\\components\\text\\Text.tsx","all":true,"statementMap":{"0":{"start":{"line":1,"column":0},"end":{"line":1,"column":26}},"10":{"start":{"line":11,"column":0},"end":{"line":11,"column":73}},"11":{"start":{"line":12,"column":0},"end":{"line":12,"column":56}},"12":{"start":{"line":13,"column":0},"end":{"line":13,"column":2}}},"s":{"0":0,"10":0,"11":0,"12":0},"branchMap":{"0":{"type":"branch","line":1,"loc":{"start":{"line":1,"column":261},"end":{"line":13,"column":2}},"locations":[{"start":{"line":1,"column":261},"end":{"line":13,"column":2}}]}},"b":{"0":[0]},"fnMap":{"0":{"name":"(empty-report)","decl":{"start":{"line":1,"column":261},"end":{"line":13,"column":2}},"loc":{"start":{"line":1,"column":261},"end":{"line":13,"column":2}},"line":1}},"f":{"0":0}}
,"C:\\Users\\rita-\\OneDrive\\Рабочий стол\\RS-School_React\\src\\hooks\\ContextHook.ts": {"path":"C:\\Users\\rita-\\OneDrive\\Рабочий стол\\RS-School_React\\src\\hooks\\ContextHook.ts","all":false,"statementMap":{"0":{"start":{"line":1,"column":0},"end":{"line":1,"column":38}},"10":{"start":{"line":11,"column":0},"end":{"line":11,"column":63}},"11":{"start":{"line":12,"column":0},"end":{"line":12,"column":13}},"12":{"start":{"line":13,"column":0},"end":{"line":13,"column":17}},"13":{"start":{"line":14,"column":0},"end":{"line":14,"column":28}},"14":{"start":{"line":15,"column":0},"end":{"line":15,"column":24}},"15":{"start":{"line":16,"column":0},"end":{"line":16,"column":18}},"16":{"start":{"line":17,"column":0},"end":{"line":17,"column":3}}},"s":{"0":1,"10":1,"11":1,"12":1,"13":1,"14":1,"15":1,"16":1},"branchMap":{"0":{"type":"branch","line":15,"loc":{"start":{"line":15,"column":15},"end":{"line":15,"column":24}},"locations":[{"start":{"line":15,"column":15},"end":{"line":15,"column":24}}]}},"b":{"0":[1]},"fnMap":{"0":{"name":"handleClickLink","decl":{"start":{"line":14,"column":19},"end":{"line":14,"column":28}},"loc":{"start":{"line":14,"column":19},"end":{"line":14,"column":28}},"line":14},"1":{"name":"setIsActive","decl":{"start":{"line":15,"column":15},"end":{"line":15,"column":24}},"loc":{"start":{"line":15,"column":15},"end":{"line":15,"column":24}},"line":15}},"f":{"0":0,"1":1}}
,"C:\\Users\\rita-\\OneDrive\\Рабочий стол\\RS-School_React\\src\\hooks\\SaveName.tsx": {"path":"C:\\Users\\rita-\\OneDrive\\Рабочий стол\\RS-School_React\\src\\hooks\\SaveName.tsx","all":false,"statementMap":{"0":{"start":{"line":1,"column":0},"end":{"line":1,"column":44}},"2":{"start":{"line":3,"column":0},"end":{"line":3,"column":90}},"3":{"start":{"line":4,"column":0},"end":{"line":4,"column":89}},"5":{"start":{"line":6,"column":0},"end":{"line":6,"column":19}},"6":{"start":{"line":7,"column":0},"end":{"line":7,"column":51}},"7":{"start":{"line":8,"column":0},"end":{"line":8,"column":19}},"9":{"start":{"line":10,"column":0},"end":{"line":10,"column":37}},"10":{"start":{"line":11,"column":0},"end":{"line":11,"column":2}}},"s":{"0":1,"2":1,"3":4,"5":4,"6":3,"7":4,"9":4,"10":4},"branchMap":{"0":{"type":"branch","line":3,"loc":{"start":{"line":3,"column":27},"end":{"line":11,"column":2}},"locations":[{"start":{"line":3,"column":27},"end":{"line":11,"column":2}}]},"1":{"type":"branch","line":4,"loc":{"start":{"line":4,"column":80},"end":{"line":4,"column":87}},"locations":[{"start":{"line":4,"column":80},"end":{"line":4,"column":87}}]},"2":{"type":"branch","line":6,"loc":{"start":{"line":6,"column":12},"end":{"line":8,"column":5}},"locations":[{"start":{"line":6,"column":12},"end":{"line":8,"column":5}}]}},"b":{"0":[4],"1":[1],"2":[3]},"fnMap":{"0":{"name":"useSaveName","decl":{"start":{"line":3,"column":27},"end":{"line":11,"column":2}},"loc":{"start":{"line":3,"column":27},"end":{"line":11,"column":2}},"line":3}},"f":{"0":4}}
,"C:\\Users\\rita-\\OneDrive\\Рабочий стол\\RS-School_React\\src\\utils\\CreatePages.ts": {"path":"C:\\Users\\rita-\\OneDrive\\Рабочий стол\\RS-School_React\\src\\utils\\CreatePages.ts","all":true,"statementMap":{"0":{"start":{"line":1,"column":0},"end":{"line":1,"column":48}},"1":{"start":{"line":2,"column":0},"end":{"line":2,"column":51}},"2":{"start":{"line":3,"column":0},"end":{"line":3,"column":67}},"3":{"start":{"line":4,"column":0},"end":{"line":4,"column":15}},"4":{"start":{"line":5,"column":0},"end":{"line":5,"column":2}}},"s":{"0":0,"1":0,"2":0,"3":0,"4":0},"branchMap":{"0":{"type":"branch","line":1,"loc":{"start":{"line":1,"column":187},"end":{"line":5,"column":2}},"locations":[{"start":{"line":1,"column":187},"end":{"line":5,"column":2}}]}},"b":{"0":[0]},"fnMap":{"0":{"name":"(empty-report)","decl":{"start":{"line":1,"column":187},"end":{"line":5,"column":2}},"loc":{"start":{"line":1,"column":187},"end":{"line":5,"column":2}},"line":1}},"f":{"0":0}}
,"C:\\Users\\rita-\\OneDrive\\Рабочий стол\\RS-School_React\\src\\utils\\FindPeople.ts": {"path":"C:\\Users\\rita-\\OneDrive\\Рабочий стол\\RS-School_React\\src\\utils\\FindPeople.ts","all":true,"statementMap":{"2":{"start":{"line":3,"column":0},"end":{"line":3,"column":90}},"3":{"start":{"line":4,"column":0},"end":{"line":4,"column":35}},"4":{"start":{"line":5,"column":0},"end":{"line":5,"column":94}},"5":{"start":{"line":6,"column":0},"end":{"line":6,"column":4}},"6":{"start":{"line":7,"column":0},"end":{"line":7,"column":20}},"7":{"start":{"line":8,"column":0},"end":{"line":8,"column":2}}},"s":{"2":0,"3":0,"4":0,"5":0,"6":0,"7":0},"branchMap":{"0":{"type":"branch","line":1,"loc":{"start":{"line":1,"column":303},"end":{"line":8,"column":2}},"locations":[{"start":{"line":1,"column":303},"end":{"line":8,"column":2}}]}},"b":{"0":[1]},"fnMap":{"0":{"name":"(empty-report)","decl":{"start":{"line":1,"column":303},"end":{"line":8,"column":2}},"loc":{"start":{"line":1,"column":303},"end":{"line":8,"column":2}},"line":1}},"f":{"0":1}}
,"C:\\Users\\rita-\\OneDrive\\Рабочий стол\\RS-School_React\\src\\utils\\GetLocalStorage.ts": {"path":"C:\\Users\\rita-\\OneDrive\\Рабочий стол\\RS-School_React\\src\\utils\\GetLocalStorage.ts","all":false,"statementMap":{"0":{"start":{"line":1,"column":0},"end":{"line":1,"column":74}}},"s":{"0":1},"branchMap":{"0":{"type":"branch","line":1,"loc":{"start":{"line":1,"column":23},"end":{"line":1,"column":74}},"locations":[{"start":{"line":1,"column":23},"end":{"line":1,"column":74}}]},"1":{"type":"branch","line":1,"loc":{"start":{"line":1,"column":66},"end":{"line":1,"column":74}},"locations":[{"start":{"line":1,"column":66},"end":{"line":1,"column":74}}]}},"b":{"0":[2],"1":[0]},"fnMap":{"0":{"name":"getName","decl":{"start":{"line":1,"column":23},"end":{"line":1,"column":74}},"loc":{"start":{"line":1,"column":23},"end":{"line":1,"column":74}},"line":1}},"f":{"0":2}}
,"C:\\Users\\rita-\\OneDrive\\Рабочий стол\\RS-School_React\\src\\utils\\GetName.ts": {"path":"C:\\Users\\rita-\\OneDrive\\Рабочий стол\\RS-School_React\\src\\utils\\GetName.ts","all":false,"statementMap":{"0":{"start":{"line":1,"column":0},"end":{"line":1,"column":46}},"1":{"start":{"line":2,"column":0},"end":{"line":2,"column":60}},"2":{"start":{"line":3,"column":0},"end":{"line":3,"column":62}},"3":{"start":{"line":4,"column":0},"end":{"line":4,"column":14}},"4":{"start":{"line":5,"column":0},"end":{"line":5,"column":2}}},"s":{"0":1,"1":1,"2":1,"3":1,"4":1},"branchMap":{"0":{"type":"branch","line":1,"loc":{"start":{"line":1,"column":23},"end":{"line":5,"column":2}},"locations":[{"start":{"line":1,"column":23},"end":{"line":5,"column":2}}]}},"b":{"0":[1]},"fnMap":{"0":{"name":"getName","decl":{"start":{"line":1,"column":23},"end":{"line":5,"column":2}},"loc":{"start":{"line":1,"column":23},"end":{"line":5,"column":2}},"line":1}},"f":{"0":1}}
,"C:\\Users\\rita-\\OneDrive\\Рабочий стол\\RS-School_React\\src\\utils\\SearchParams.ts": {"path":"C:\\Users\\rita-\\OneDrive\\Рабочий стол\\RS-School_React\\src\\utils\\SearchParams.ts","all":false,"statementMap":{"0":{"start":{"line":1,"column":0},"end":{"line":1,"column":57}},"1":{"start":{"line":2,"column":0},"end":{"line":2,"column":53}},"2":{"start":{"line":3,"column":0},"end":{"line":3,"column":54}},"3":{"start":{"line":4,"column":0},"end":{"line":4,"column":61}},"4":{"start":{"line":5,"column":0},"end":{"line":5,"column":30}},"5":{"start":{"line":6,"column":0},"end":{"line":6,"column":2}}},"s":{"0":1,"1":1,"2":1,"3":1,"4":1,"5":1},"branchMap":{"0":{"type":"branch","line":1,"loc":{"start":{"line":1,"column":34},"end":{"line":6,"column":2}},"locations":[{"start":{"line":1,"column":34},"end":{"line":6,"column":2}}]}},"b":{"0":[1]},"fnMap":{"0":{"name":"handleSearchParams","decl":{"start":{"line":1,"column":34},"end":{"line":6,"column":2}},"loc":{"start":{"line":1,"column":34},"end":{"line":6,"column":2}},"line":1}},"f":{"0":1}}
,"C:\\Users\\rita-\\OneDrive\\Рабочий стол\\RS-School_React\\src\\views\\informationPage\\InformationPage.tsx": {"path":"C:\\Users\\rita-\\OneDrive\\Рабочий стол\\RS-School_React\\src\\views\\informationPage\\InformationPage.tsx","all":false,"statementMap":{"0":{"start":{"line":1,"column":0},"end":{"line":1,"column":64}},"1":{"start":{"line":2,"column":0},"end":{"line":2,"column":74}},"2":{"start":{"line":3,"column":0},"end":{"line":3,"column":56}},"3":{"start":{"line":4,"column":0},"end":{"line":4,"column":47}},"4":{"start":{"line":5,"column":0},"end":{"line":5,"column":44}},"5":{"start":{"line":6,"column":0},"end":{"line":6,"column":48}},"7":{"start":{"line":8,"column":0},"end":{"line":8,"column":48}},"8":{"start":{"line":9,"column":0},"end":{"line":9,"column":63}},"9":{"start":{"line":10,"column":0},"end":{"line":10,"column":51}},"10":{"start":{"line":11,"column":0},"end":{"line":11,"column":33}},"12":{"start":{"line":13,"column":0},"end":{"line":13,"column":48}},"13":{"start":{"line":14,"column":0},"end":{"line":14,"column":44}},"14":{"start":{"line":15,"column":0},"end":{"line":15,"column":51}},"15":{"start":{"line":16,"column":0},"end":{"line":16,"column":41}},"16":{"start":{"line":17,"column":0},"end":{"line":17,"column":24}},"17":{"start":{"line":18,"column":0},"end":{"line":18,"column":26}},"19":{"start":{"line":20,"column":0},"end":{"line":20,"column":19}},"20":{"start":{"line":21,"column":0},"end":{"line":21,"column":19}},"21":{"start":{"line":22,"column":0},"end":{"line":22,"column":21}},"23":{"start":{"line":24,"column":0},"end":{"line":24,"column":10}},"24":{"start":{"line":25,"column":0},"end":{"line":25,"column":35}},"25":{"start":{"line":26,"column":0},"end":{"line":26,"column":20}},"26":{"start":{"line":27,"column":0},"end":{"line":27,"column":41}},"27":{"start":{"line":28,"column":0},"end":{"line":28,"column":65}},"28":{"start":{"line":29,"column":0},"end":{"line":29,"column":14}},"30":{"start":{"line":31,"column":0},"end":{"line":31,"column":43}},"31":{"start":{"line":32,"column":0},"end":{"line":32,"column":40}},"32":{"start":{"line":33,"column":0},"end":{"line":33,"column":17}},"33":{"start":{"line":34,"column":0},"end":{"line":34,"column":30}},"34":{"start":{"line":35,"column":0},"end":{"line":35,"column":32}},"35":{"start":{"line":36,"column":0},"end":{"line":36,"column":44}},"36":{"start":{"line":37,"column":0},"end":{"line":37,"column":38}},"37":{"start":{"line":38,"column":0},"end":{"line":38,"column":36}},"38":{"start":{"line":39,"column":0},"end":{"line":39,"column":42}},"39":{"start":{"line":40,"column":0},"end":{"line":40,"column":36}},"40":{"start":{"line":41,"column":0},"end":{"line":41,"column":44}},"41":{"start":{"line":42,"column":0},"end":{"line":42,"column":36}},"42":{"start":{"line":43,"column":0},"end":{"line":43,"column":42}},"43":{"start":{"line":44,"column":0},"end":{"line":44,"column":32}},"44":{"start":{"line":45,"column":0},"end":{"line":45,"column":44}},"45":{"start":{"line":46,"column":0},"end":{"line":46,"column":30}},"46":{"start":{"line":47,"column":0},"end":{"line":47,"column":14}},"47":{"start":{"line":48,"column":0},"end":{"line":48,"column":13}},"48":{"start":{"line":49,"column":0},"end":{"line":49,"column":14}},"50":{"start":{"line":51,"column":0},"end":{"line":51,"column":10}},"52":{"start":{"line":53,"column":0},"end":{"line":53,"column":2}}},"s":{"0":1,"1":1,"2":1,"3":1,"4":1,"5":1,"7":1,"8":1,"9":1,"10":1,"12":1,"13":1,"14":1,"15":0,"16":0,"17":1,"19":1,"20":1,"21":1,"23":1,"24":1,"25":1,"26":1,"27":1,"28":1,"30":0,"31":0,"32":0,"33":0,"34":0,"35":0,"36":0,"37":0,"38":0,"39":0,"40":0,"41":0,"42":0,"43":0,"44":0,"45":0,"46":0,"47":0,"48":0,"50":1,"52":1},"branchMap":{"0":{"type":"branch","line":8,"loc":{"start":{"line":8,"column":41},"end":{"line":53,"column":2}},"locations":[{"start":{"line":8,"column":41},"end":{"line":53,"column":2}}]},"1":{"type":"branch","line":29,"loc":{"start":{"line":29,"column":8},"end":{"line":49,"column":14}},"locations":[{"start":{"line":29,"column":8},"end":{"line":49,"column":14}}]},"2":{"type":"branch","line":13,"loc":{"start":{"line":13,"column":35},"end":{"line":18,"column":5}},"locations":[{"start":{"line":13,"column":35},"end":{"line":18,"column":5}}]},"3":{"type":"branch","line":15,"loc":{"start":{"line":15,"column":49},"end":{"line":17,"column":24}},"locations":[{"start":{"line":15,"column":49},"end":{"line":17,"column":24}}]},"4":{"type":"branch","line":20,"loc":{"start":{"line":20,"column":12},"end":{"line":22,"column":5}},"locations":[{"start":{"line":20,"column":12},"end":{"line":22,"column":5}}]}},"b":{"0":[1],"1":[0],"2":[1],"3":[0],"4":[1]},"fnMap":{"0":{"name":"InformationPage","decl":{"start":{"line":8,"column":41},"end":{"line":53,"column":2}},"loc":{"start":{"line":8,"column":41},"end":{"line":53,"column":2}},"line":8}},"f":{"0":1}}
,"C:\\Users\\rita-\\OneDrive\\Рабочий стол\\RS-School_React\\src\\views\\informationPage\\MockData.ts": {"path":"C:\\Users\\rita-\\OneDrive\\Рабочий стол\\RS-School_React\\src\\views\\informationPage\\MockData.ts","all":false,"statementMap":{"0":{"start":{"line":1,"column":0},"end":{"line":1,"column":31}},"1":{"start":{"line":2,"column":0},"end":{"line":2,"column":16}},"2":{"start":{"line":3,"column":0},"end":{"line":3,"column":20}},"3":{"start":{"line":4,"column":0},"end":{"line":4,"column":17}},"4":{"start":{"line":5,"column":0},"end":{"line":5,"column":16}},"5":{"start":{"line":6,"column":0},"end":{"line":6,"column":20}},"6":{"start":{"line":7,"column":0},"end":{"line":7,"column":17}},"7":{"start":{"line":8,"column":0},"end":{"line":8,"column":22}},"8":{"start":{"line":9,"column":0},"end":{"line":9,"column":16}},"9":{"start":{"line":10,"column":0},"end":{"line":10,"column":20}},"10":{"start":{"line":11,"column":0},"end":{"line":11,"column":15}},"11":{"start":{"line":12,"column":0},"end":{"line":12,"column":22}},"12":{"start":{"line":13,"column":0},"end":{"line":13,"column":24}},"13":{"start":{"line":14,"column":0},"end":{"line":14,"column":2}},"15":{"start":{"line":16,"column":0},"end":{"line":16,"column":31}},"16":{"start":{"line":17,"column":0},"end":{"line":17,"column":3}},"17":{"start":{"line":18,"column":0},"end":{"line":18,"column":18}},"18":{"start":{"line":19,"column":0},"end":{"line":19,"column":22}},"19":{"start":{"line":20,"column":0},"end":{"line":20,"column":19}},"20":{"start":{"line":21,"column":0},"end":{"line":21,"column":18}},"21":{"start":{"line":22,"column":0},"end":{"line":22,"column":22}},"22":{"start":{"line":23,"column":0},"end":{"line":23,"column":19}},"23":{"start":{"line":24,"column":0},"end":{"line":24,"column":24}},"24":{"start":{"line":25,"column":0},"end":{"line":25,"column":18}},"25":{"start":{"line":26,"column":0},"end":{"line":26,"column":22}},"26":{"start":{"line":27,"column":0},"end":{"line":27,"column":17}},"27":{"start":{"line":28,"column":0},"end":{"line":28,"column":24}},"28":{"start":{"line":29,"column":0},"end":{"line":29,"column":26}},"29":{"start":{"line":30,"column":0},"end":{"line":30,"column":4}},"30":{"start":{"line":31,"column":0},"end":{"line":31,"column":3}},"31":{"start":{"line":32,"column":0},"end":{"line":32,"column":18}},"32":{"start":{"line":33,"column":0},"end":{"line":33,"column":22}},"33":{"start":{"line":34,"column":0},"end":{"line":34,"column":19}},"34":{"start":{"line":35,"column":0},"end":{"line":35,"column":18}},"35":{"start":{"line":36,"column":0},"end":{"line":36,"column":22}},"36":{"start":{"line":37,"column":0},"end":{"line":37,"column":19}},"37":{"start":{"line":38,"column":0},"end":{"line":38,"column":24}},"38":{"start":{"line":39,"column":0},"end":{"line":39,"column":18}},"39":{"start":{"line":40,"column":0},"end":{"line":40,"column":24}},"40":{"start":{"line":41,"column":0},"end":{"line":41,"column":17}},"41":{"start":{"line":42,"column":0},"end":{"line":42,"column":24}},"42":{"start":{"line":43,"column":0},"end":{"line":43,"column":26}},"43":{"start":{"line":44,"column":0},"end":{"line":44,"column":4}},"44":{"start":{"line":45,"column":0},"end":{"line":45,"column":2}}},"s":{"0":1,"1":1,"2":1,"3":1,"4":1,"5":1,"6":1,"7":1,"8":1,"9":1,"10":1,"11":1,"12":1,"13":1,"15":1,"16":1,"17":1,"18":1,"19":1,"20":1,"21":1,"22":1,"23":1,"24":1,"25":1,"26":1,"27":1,"28":1,"29":1,"30":1,"31":1,"32":1,"33":1,"34":1,"35":1,"36":1,"37":1,"38":1,"39":1,"40":1,"41":1,"42":1,"43":1,"44":1},"branchMap":{},"b":{},"fnMap":{},"f":{}}
,"C:\\Users\\rita-\\OneDrive\\Рабочий стол\\RS-School_React\\src\\views\\mainPage\\MainPage.tsx": {"path":"C:\\Users\\rita-\\OneDrive\\Рабочий стол\\RS-School_React\\src\\views\\mainPage\\MainPage.tsx","all":true,"statementMap":{"0":{"start":{"line":1,"column":0},"end":{"line":1,"column":66}},"1":{"start":{"line":2,"column":0},"end":{"line":2,"column":66}},"2":{"start":{"line":3,"column":0},"end":{"line":3,"column":66}},"3":{"start":{"line":4,"column":0},"end":{"line":4,"column":56}},"4":{"start":{"line":5,"column":0},"end":{"line":5,"column":66}},"5":{"start":{"line":6,"column":0},"end":{"line":6,"column":69}},"6":{"start":{"line":7,"column":0},"end":{"line":7,"column":61}},"7":{"start":{"line":8,"column":0},"end":{"line":8,"column":68}},"8":{"start":{"line":9,"column":0},"end":{"line":9,"column":60}},"9":{"start":{"line":10,"column":0},"end":{"line":10,"column":54}},"11":{"start":{"line":12,"column":0},"end":{"line":12,"column":34}},"12":{"start":{"line":13,"column":0},"end":{"line":13,"column":51}},"13":{"start":{"line":14,"column":0},"end":{"line":14,"column":53}},"14":{"start":{"line":15,"column":0},"end":{"line":15,"column":52}},"15":{"start":{"line":16,"column":0},"end":{"line":16,"column":50}},"16":{"start":{"line":17,"column":0},"end":{"line":17,"column":35}},"17":{"start":{"line":18,"column":0},"end":{"line":18,"column":33}},"19":{"start":{"line":20,"column":0},"end":{"line":20,"column":66}},"20":{"start":{"line":21,"column":0},"end":{"line":21,"column":57}},"21":{"start":{"line":22,"column":0},"end":{"line":22,"column":24}},"22":{"start":{"line":23,"column":0},"end":{"line":23,"column":36}},"23":{"start":{"line":24,"column":0},"end":{"line":24,"column":9}},"25":{"start":{"line":26,"column":0},"end":{"line":26,"column":35}},"26":{"start":{"line":27,"column":0},"end":{"line":27,"column":30}},"27":{"start":{"line":28,"column":0},"end":{"line":28,"column":54}},"28":{"start":{"line":29,"column":0},"end":{"line":29,"column":25}},"29":{"start":{"line":30,"column":0},"end":{"line":30,"column":45}},"30":{"start":{"line":31,"column":0},"end":{"line":31,"column":28}},"31":{"start":{"line":32,"column":0},"end":{"line":32,"column":9}},"32":{"start":{"line":33,"column":0},"end":{"line":33,"column":24}},"33":{"start":{"line":34,"column":0},"end":{"line":34,"column":50}},"34":{"start":{"line":35,"column":0},"end":{"line":35,"column":6}},"35":{"start":{"line":36,"column":0},"end":{"line":36,"column":31}},"36":{"start":{"line":37,"column":0},"end":{"line":37,"column":4}},"38":{"start":{"line":39,"column":0},"end":{"line":39,"column":45}},"39":{"start":{"line":40,"column":0},"end":{"line":40,"column":22}},"40":{"start":{"line":41,"column":0},"end":{"line":41,"column":9}},"42":{"start":{"line":43,"column":0},"end":{"line":43,"column":38}},"43":{"start":{"line":44,"column":0},"end":{"line":44,"column":46}},"44":{"start":{"line":45,"column":0},"end":{"line":45,"column":71}},"45":{"start":{"line":46,"column":0},"end":{"line":46,"column":41}},"46":{"start":{"line":47,"column":0},"end":{"line":47,"column":27}},"47":{"start":{"line":48,"column":0},"end":{"line":48,"column":74}},"48":{"start":{"line":49,"column":0},"end":{"line":49,"column":7}},"49":{"start":{"line":50,"column":0},"end":{"line":50,"column":6}},"50":{"start":{"line":51,"column":0},"end":{"line":51,"column":34}},"51":{"start":{"line":52,"column":0},"end":{"line":52,"column":4}},"53":{"start":{"line":54,"column":0},"end":{"line":54,"column":38}},"54":{"start":{"line":55,"column":0},"end":{"line":55,"column":50}},"55":{"start":{"line":56,"column":0},"end":{"line":56,"column":25}},"56":{"start":{"line":57,"column":0},"end":{"line":57,"column":72}},"57":{"start":{"line":58,"column":0},"end":{"line":58,"column":26}},"58":{"start":{"line":59,"column":0},"end":{"line":59,"column":38}},"59":{"start":{"line":60,"column":0},"end":{"line":60,"column":27}},"60":{"start":{"line":61,"column":0},"end":{"line":61,"column":56}},"61":{"start":{"line":62,"column":0},"end":{"line":62,"column":6}},"62":{"start":{"line":63,"column":0},"end":{"line":63,"column":17}},"63":{"start":{"line":64,"column":0},"end":{"line":64,"column":4}},"65":{"start":{"line":66,"column":0},"end":{"line":66,"column":38}},"66":{"start":{"line":67,"column":0},"end":{"line":67,"column":75}},"67":{"start":{"line":68,"column":0},"end":{"line":68,"column":68}},"69":{"start":{"line":70,"column":0},"end":{"line":70,"column":19}},"70":{"start":{"line":71,"column":0},"end":{"line":71,"column":57}},"71":{"start":{"line":72,"column":0},"end":{"line":72,"column":58}},"73":{"start":{"line":74,"column":0},"end":{"line":74,"column":36}},"74":{"start":{"line":75,"column":0},"end":{"line":75,"column":23}},"75":{"start":{"line":76,"column":0},"end":{"line":76,"column":57}},"76":{"start":{"line":77,"column":0},"end":{"line":77,"column":36}},"77":{"start":{"line":78,"column":0},"end":{"line":78,"column":28}},"78":{"start":{"line":79,"column":0},"end":{"line":79,"column":29}},"79":{"start":{"line":80,"column":0},"end":{"line":80,"column":7}},"80":{"start":{"line":81,"column":0},"end":{"line":81,"column":24}},"81":{"start":{"line":82,"column":0},"end":{"line":82,"column":50}},"82":{"start":{"line":83,"column":0},"end":{"line":83,"column":36}},"83":{"start":{"line":84,"column":0},"end":{"line":84,"column":28}},"84":{"start":{"line":85,"column":0},"end":{"line":85,"column":29}},"85":{"start":{"line":86,"column":0},"end":{"line":86,"column":7}},"86":{"start":{"line":87,"column":0},"end":{"line":87,"column":6}},"87":{"start":{"line":88,"column":0},"end":{"line":88,"column":17}},"88":{"start":{"line":89,"column":0},"end":{"line":89,"column":24}},"90":{"start":{"line":91,"column":0},"end":{"line":91,"column":10}},"91":{"start":{"line":92,"column":0},"end":{"line":92,"column":49}},"92":{"start":{"line":93,"column":0},"end":{"line":93,"column":77}},"93":{"start":{"line":94,"column":0},"end":{"line":94,"column":12}},"94":{"start":{"line":95,"column":0},"end":{"line":95,"column":71}},"95":{"start":{"line":96,"column":0},"end":{"line":96,"column":35}},"96":{"start":{"line":97,"column":0},"end":{"line":97,"column":66}},"97":{"start":{"line":98,"column":0},"end":{"line":98,"column":53}},"98":{"start":{"line":99,"column":0},"end":{"line":99,"column":80}},"99":{"start":{"line":100,"column":0},"end":{"line":100,"column":13}},"100":{"start":{"line":101,"column":0},"end":{"line":101,"column":12}},"101":{"start":{"line":102,"column":0},"end":{"line":102,"column":23}},"102":{"start":{"line":103,"column":0},"end":{"line":103,"column":22}},"104":{"start":{"line":105,"column":0},"end":{"line":105,"column":53}},"105":{"start":{"line":106,"column":0},"end":{"line":106,"column":24}},"106":{"start":{"line":107,"column":0},"end":{"line":107,"column":45}},"107":{"start":{"line":108,"column":0},"end":{"line":108,"column":47}},"108":{"start":{"line":109,"column":0},"end":{"line":109,"column":18}},"110":{"start":{"line":111,"column":0},"end":{"line":111,"column":14}},"111":{"start":{"line":112,"column":0},"end":{"line":112,"column":28}},"112":{"start":{"line":113,"column":0},"end":{"line":113,"column":54}},"113":{"start":{"line":114,"column":0},"end":{"line":114,"column":15}},"115":{"start":{"line":116,"column":0},"end":{"line":116,"column":14}},"116":{"start":{"line":117,"column":0},"end":{"line":117,"column":50}},"117":{"start":{"line":118,"column":0},"end":{"line":118,"column":20}},"118":{"start":{"line":119,"column":0},"end":{"line":119,"column":14}},"119":{"start":{"line":120,"column":0},"end":{"line":120,"column":12}},"120":{"start":{"line":121,"column":0},"end":{"line":121,"column":29}},"122":{"start":{"line":123,"column":0},"end":{"line":123,"column":2}},"124":{"start":{"line":125,"column":0},"end":{"line":125,"column":24}}},"s":{"0":0,"1":0,"2":0,"3":0,"4":0,"5":0,"6":0,"7":0,"8":0,"9":0,"11":0,"12":0,"13":0,"14":0,"15":0,"16":0,"17":0,"19":0,"20":0,"21":0,"22":0,"23":0,"25":0,"26":0,"27":0,"28":0,"29":0,"30":0,"31":0,"32":0,"33":0,"34":0,"35":0,"36":0,"38":0,"39":0,"40":0,"42":0,"43":0,"44":0,"45":0,"46":0,"47":0,"48":0,"49":0,"50":0,"51":0,"53":0,"54":0,"55":0,"56":0,"57":0,"58":0,"59":0,"60":0,"61":0,"62":0,"63":0,"65":0,"66":0,"67":0,"69":0,"70":0,"71":0,"73":0,"74":0,"75":0,"76":0,"77":0,"78":0,"79":0,"80":0,"81":0,"82":0,"83":0,"84":0,"85":0,"86":0,"87":0,"88":0,"90":0,"91":0,"92":0,"93":0,"94":0,"95":0,"96":0,"97":0,"98":0,"99":0,"100":0,"101":0,"102":0,"104":0,"105":0,"106":0,"107":0,"108":0,"110":0,"111":0,"112":0,"113":0,"115":0,"116":0,"117":0,"118":0,"119":0,"120":0,"122":0,"124":0},"branchMap":{"0":{"type":"branch","line":1,"loc":{"start":{"line":1,"column":0},"end":{"line":125,"column":-1102}},"locations":[{"start":{"line":1,"column":0},"end":{"line":125,"column":-1102}}]}},"b":{"0":[0]},"fnMap":{"0":{"name":"(empty-report)","decl":{"start":{"line":1,"column":0},"end":{"line":125,"column":-1102}},"loc":{"start":{"line":1,"column":0},"end":{"line":125,"column":-1102}},"line":1}},"f":{"0":0}}
}
